<?xml version='1.0' encoding='UTF-8'?>
<testsuite hostname="WIN-5LR0SASAF9R" name="otus.ReliabilitySimulation" tests="1" errors="0" failures="0" skipped="0" time="3934335.447" timestamp="2025-10-19T22:17:37">
          <properties>
[...]
</properties>
          <testcase classname="otus.ReliabilitySimulation" name="" time="3934335.447">
                      
                    </testcase>
          <system-out><![CDATA[]]></system-out>
          <system-err><![CDATA[]]></system-err>
        </testsuite>